<?xml version="1.0" encoding="utf-8"?><testsuites name="pytest tests"><testsuite name="pytest" errors="0" failures="3" skipped="0" tests="15" time="5.765" timestamp="2026-03-20T09:40:58.868545+00:00" hostname="agent-env-b2380668-b3c4-4f00-ade6-fc6816f25130"><testcase classname="backend.tests.test_topowave_api.TestAPIHealth" name="test_api_root_endpoint" time="0.170" /><testcase classname="backend.tests.test_topowave_api.TestAPIHealth" name="test_bands_endpoint" time="0.133" /><testcase classname="backend.tests.test_topowave_api.TestLocatorValidation" name="test_6_char_locator_valid" time="0.600" /><testcase classname="backend.tests.test_topowave_api.TestLocatorValidation" name="test_8_char_locator_valid" time="0.603" /><testcase classname="backend.tests.test_topowave_api.TestLocatorValidation" name="test_10_char_locator_valid" time="0.463" /><testcase classname="backend.tests.test_topowave_api.TestLocatorValidation" name="test_invalid_5_char_locator" time="0.134" /><testcase classname="backend.tests.test_topowave_api.TestLocatorValidation" name="test_invalid_7_char_locator" time="0.117" /><testcase classname="backend.tests.test_topowave_api.TestLocatorValidation" name="test_invalid_locator_pattern" time="0.095" /><testcase classname="backend.tests.test_topowave_api.TestPathCalculation" name="test_path_calculation_basic" time="0.502" /><testcase classname="backend.tests.test_topowave_api.TestPathCalculation" name="test_path_with_fresnel_band" time="0.364" /><testcase classname="backend.tests.test_topowave_api.TestPathCalculation" name="test_path_elevation_profile_points" time="0.293"><failure message="assert 502 == 200&#10; +  where 502 = &lt;Response [502]&gt;.status_code">backend/tests/test_topowave_api.py:180: in test_path_elevation_profile_points
    assert response.status_code == 200
E   assert 502 == 200
E    +  where 502 = &lt;Response [502]&gt;.status_code</failure></testcase><testcase classname="backend.tests.test_topowave_api.TestCoordinateConversion" name="test_paris_locator_coordinates" time="0.586"><failure message="assert 502 == 200&#10; +  where 502 = &lt;Response [502]&gt;.status_code">backend/tests/test_topowave_api.py:207: in test_paris_locator_coordinates
    assert response.status_code == 200
E   assert 502 == 200
E    +  where 502 = &lt;Response [502]&gt;.status_code</failure></testcase><testcase classname="backend.tests.test_topowave_api.TestCoordinateConversion" name="test_known_locator_precision" time="0.442" /><testcase classname="backend.tests.test_topowave_api.TestInputModeSimulation" name="test_gps_derived_locator" time="0.706" /><testcase classname="backend.tests.test_topowave_api.TestInputModeSimulation" name="test_address_derived_locator" time="0.420"><failure message="assert 502 == 200&#10; +  where 502 = &lt;Response [502]&gt;.status_code">backend/tests/test_topowave_api.py:271: in test_address_derived_locator
    assert response.status_code == 200
E   assert 502 == 200
E    +  where 502 = &lt;Response [502]&gt;.status_code</failure></testcase></testsuite></testsuites>